
==========================================================================================\
Meow there from file <WindowManager.cpp>, function <Window::Window(Window*)>, line 12!
==========================================================================================/

==========================================================================================\
Meow there from file <WindowManager.cpp>, function <DrawableWindow::DrawableWindow(Window*, Color)>, line 45!
==========================================================================================/

==========================================================================================\
Meow there from file <WindowManager.cpp>, function <RectangleWindow::RectangleWindow(Window*, Color, float, float, float, float)>, line 61!
==========================================================================================/

==========================================================================================\
Meow there from file <WindowManager.cpp>, function <Window::Window(Window*)>, line 12!
==========================================================================================/

==========================================================================================\
Meow there from file <WindowManager.cpp>, function <DrawableWindow::DrawableWindow(Window*, Color)>, line 45!
==========================================================================================/

==========================================================================================\
Meow there from file <WindowManager.cpp>, function <RectangleWindow::RectangleWindow(Window*, Color, float, float, float, float)>, line 61!
==========================================================================================/

==========================================================================================\
Meow there from file <WindowManager.cpp>, function <Window::Window(Window*)>, line 12!
==========================================================================================/

==========================================================================================\
Meow there from file <WindowManager.cpp>, function <DrawableWindow::DrawableWindow(Window*, Color)>, line 45!
==========================================================================================/

==========================================================================================\
Meow there from file <WindowManager.cpp>, function <RectangleWindow::RectangleWindow(Window*, Color, float, float, float, float)>, line 61!
==========================================================================================/

==========================================================================================\
Meow there from file <WindowManager.cpp>, function <Window::Window(Window*)>, line 12!
==========================================================================================/

==========================================================================================\
Meow there from file <WindowManager.cpp>, function <DrawableWindow::DrawableWindow(Window*, Color)>, line 45!
==========================================================================================/

==========================================================================================\
Meow there from file <WindowManager.cpp>, function <RectangleWindow::RectangleWindow(Window*, Color, float, float, float, float)>, line 61!
==========================================================================================/

==========================================================================================\
Meow there from file <WindowManager.cpp>, function <virtual RectangleWindow::~RectangleWindow()>, line 67!
==========================================================================================/

==========================================================================================\
Meow there from file <WindowManager.cpp>, function <virtual DrawableWindow::~DrawableWindow()>, line 50!
==========================================================================================/

==========================================================================================\
Meow there from file <WindowManager.cpp>, function <virtual Window::~Window()>, line 25!
==========================================================================================/

==========================================================================================\
Meow there from file <WindowManager.cpp>, function <virtual RectangleWindow::~RectangleWindow()>, line 67!
==========================================================================================/

==========================================================================================\
Meow there from file <WindowManager.cpp>, function <virtual DrawableWindow::~DrawableWindow()>, line 50!
==========================================================================================/

==========================================================================================\
Meow there from file <WindowManager.cpp>, function <virtual Window::~Window()>, line 25!
==========================================================================================/

==========================================================================================\
Meow there from file <WindowManager.cpp>, function <virtual RectangleWindow::~RectangleWindow()>, line 67!
==========================================================================================/

==========================================================================================\
Meow there from file <WindowManager.cpp>, function <virtual DrawableWindow::~DrawableWindow()>, line 50!
==========================================================================================/

==========================================================================================\
Meow there from file <WindowManager.cpp>, function <virtual Window::~Window()>, line 25!
==========================================================================================/

==========================================================================================\
Meow there from file <WindowManager.cpp>, function <virtual RectangleWindow::~RectangleWindow()>, line 67!
==========================================================================================/

==========================================================================================\
Meow there from file <WindowManager.cpp>, function <virtual DrawableWindow::~DrawableWindow()>, line 50!
==========================================================================================/

==========================================================================================\
Meow there from file <WindowManager.cpp>, function <virtual Window::~Window()>, line 25!
==========================================================================================/
