
=================================================================\
Created button with id '0'!
=================================================================/


=================================================================\
Created button with id '1'!
=================================================================/


=================================================================\
Created button with id '2'!
=================================================================/


=================================================================\

Meow there! I am GraphManager [0x55816f7bdd20].
	this->x = 5;
	this->y = 75;
	this->width = 310;
	this->height = 250;
	this->label[0x55816f7bde00] = Compares;
	this->x_axis_text[0x55816f7bde20] = Elems qty;
	this->y_axis_text[0x55816f7bde40] = Compares qty;
	this->range_x_low = 0.000000;
	this->range_x_up = 0.000000;
	this->range_y_low = 0.000000;
	this->range_y_up = 0.000000;

=================================================================/




=================================================================\

Meow there! I am GraphManager [0x55816f7bdd88].
	this->x = 325;
	this->y = 75;
	this->width = 310;
	this->height = 250;
	this->label[0x55816f7bde60] = Swaps;
	this->x_axis_text[0x55816f7bde80] = Elems qty;
	this->y_axis_text[0x55816f7bdea0] = Swaps qty;
	this->range_x_low = 0.000000;
	this->range_x_up = 0.000000;
	this->range_y_low = 0.000000;
	this->range_y_up = 0.000000;

=================================================================/




=================================================================\
button[0]->active = 1
=================================================================/


=================================================================\
Meow there! I'm '0' Button pressed!
=================================================================/


=================================================================\
Hello there! I am Graph[0x7fff3dc8e4f0] being constructed
=================================================================/


=================================================================\
GraphManager [0x55816f7bdd20]'s new range is:
	x_low 0
	x_up 5000
	y_low 0
	y_up 12497500
=================================================================/


=================================================================\
Meow there! I am Graph[0x7fff3dc8e4f0] constructed
=================================================================/


=================================================================\
Hello there! I am Graph[0x7fff3dc8e4f0] being constructed
=================================================================/


=================================================================\
GraphManager [0x55816f7bdd88]'s new range is:
	x_low 0
	x_up 5000
	y_low 0
	y_up 6280664
=================================================================/


=================================================================\
Meow there! I am Graph[0x7fff3dc8e4f0] constructed
=================================================================/


=================================================================\
button[1]->active = 1
=================================================================/


=================================================================\
Meow there! I'm '1' Button pressed!
=================================================================/


=================================================================\
Hello there! I am Graph[0x7fff3dc8e4f0] being constructed
=================================================================/


=================================================================\
Meow there! I am Graph[0x7fff3dc8e4f0] constructed
=================================================================/


=================================================================\
Hello there! I am Graph[0x7fff3dc8e4f0] being constructed
=================================================================/


=================================================================\
GraphManager [0x55816f7bdd88]'s new range is:
	x_low 0
	x_up 5000
	y_low 0
	y_up 6282201
=================================================================/


=================================================================\
Meow there! I am Graph[0x7fff3dc8e4f0] constructed
=================================================================/


=================================================================\
button[2]->active = 1
=================================================================/


=================================================================\
Meow there! I'm '2' Button pressed!
=================================================================/


=================================================================\
Hello there! I am Graph[0x7fff3dc8e4f0] being constructed
=================================================================/


=================================================================\
Meow there! I am Graph[0x7fff3dc8e4f0] constructed
=================================================================/


=================================================================\
Hello there! I am Graph[0x7fff3dc8e4f0] being constructed
=================================================================/


=================================================================\
Meow there! I am Graph[0x7fff3dc8e4f0] constructed
=================================================================/


=================================================================\
Deleted button [0x55816f7bd9d0] with id '0' and label 'Bubble sort'!
=================================================================/


=================================================================\
Deleted button [0x55816f7bda08] with id '1' and label 'Insertion sort'!
=================================================================/


=================================================================\
Deleted button [0x55816f7bda40] with id '2' and label 'Quick sort'!
=================================================================/

