Created button with id '0'!
Created button with id '1'!
Created button with id '2'!


==========================================================\

Meow there! I am GraphManager [0x55e0df92ad20].
	this->x = 5;
	this->y = 75;
	this->width = 310;
	this->height = 250;
	this->label[0x55e0df92adb0] = arf;
	this->x_axis_text[0x55e0df92add0] = arfff;
	this->y_axis_text[0x55e0df92adf0] = arffff;

==========================================================/



==========================================================\

Meow there! I am GraphManager [0x55e0df92ad60].
	this->x = 325;
	this->y = 75;
	this->width = 310;
	this->height = 250;
	this->label[0x55e0df92ae10] = 123;
	this->x_axis_text[0x55e0df92ae30] = 12345;
	this->y_axis_text[0x55e0df92ae50] = 123456;

==========================================================/

Hello there! I am Graph[0x7ffe5ecb3180] being constructed
Created button with id '0'!
Created button with id '1'!
Created button with id '2'!


==========================================================\

Meow there! I am GraphManager [0x55baba964d20].
	this->x = 5;
	this->y = 75;
	this->width = 310;
	this->height = 250;
	this->label[0x55baba964db0] = arf;
	this->x_axis_text[0x55baba964dd0] = arfff;
	this->y_axis_text[0x55baba964df0] = arffff;

==========================================================/



==========================================================\

Meow there! I am GraphManager [0x55baba964d60].
	this->x = 325;
	this->y = 75;
	this->width = 310;
	this->height = 250;
	this->label[0x55baba964e10] = 123;
	this->x_axis_text[0x55baba964e30] = 12345;
	this->y_axis_text[0x55baba964e50] = 123456;

==========================================================/

Hello there! I am Graph[0x7ffd7a538200] being constructed
Created button with id '0'!
Created button with id '1'!
Created button with id '2'!


==========================================================\

Meow there! I am GraphManager [0x563981b45d20].
	this->x = 5;
	this->y = 75;
	this->width = 310;
	this->height = 250;
	this->label[0x563981b45db0] = arf;
	this->x_axis_text[0x563981b45dd0] = arfff;
	this->y_axis_text[0x563981b45df0] = arffff;

==========================================================/



==========================================================\

Meow there! I am GraphManager [0x563981b45d60].
	this->x = 325;
	this->y = 75;
	this->width = 310;
	this->height = 250;
	this->label[0x563981b45e10] = 123;
	this->x_axis_text[0x563981b45e30] = 12345;
	this->y_axis_text[0x563981b45e50] = 123456;

==========================================================/

Hello there! I am Graph[0x7fffb0fe57e0] being constructed
Created button with id '0'!
Created button with id '1'!
Created button with id '2'!


==========================================================\

Meow there! I am GraphManager [0x55af585bad20].
	this->x = 5;
	this->y = 75;
	this->width = 310;
	this->height = 250;
	this->label[0x55af585badb0] = arf;
	this->x_axis_text[0x55af585badd0] = arfff;
	this->y_axis_text[0x55af585badf0] = arffff;

==========================================================/



==========================================================\

Meow there! I am GraphManager [0x55af585bad60].
	this->x = 325;
	this->y = 75;
	this->width = 310;
	this->height = 250;
	this->label[0x55af585bae10] = 123;
	this->x_axis_text[0x55af585bae30] = 12345;
	this->y_axis_text[0x55af585bae50] = 123456;

==========================================================/

Hello there! I am Graph[0x7ffebdc20580] being constructed
Created button with id '0'!
Created button with id '1'!
Created button with id '2'!


==========================================================\

Meow there! I am GraphManager [0x56400b7bed20].
	this->x = 5;
	this->y = 75;
	this->width = 310;
	this->height = 250;
	this->label[0x56400b7bedb0] = arf;
	this->x_axis_text[0x56400b7bedd0] = arfff;
	this->y_axis_text[0x56400b7bedf0] = arffff;

==========================================================/



==========================================================\

Meow there! I am GraphManager [0x56400b7bed60].
	this->x = 325;
	this->y = 75;
	this->width = 310;
	this->height = 250;
	this->label[0x56400b7bee10] = 123;
	this->x_axis_text[0x56400b7bee30] = 12345;
	this->y_axis_text[0x56400b7bee50] = 123456;

==========================================================/

Hello there! I am Graph[0x7ffd42bee770] being constructed
Created button with id '0'!
Created button with id '1'!
Created button with id '2'!


==========================================================\

Meow there! I am GraphManager [0x55a15dba2d20].
	this->x = 5;
	this->y = 75;
	this->width = 310;
	this->height = 250;
	this->label[0x55a15dba2db0] = arf;
	this->x_axis_text[0x55a15dba2dd0] = arfff;
	this->y_axis_text[0x55a15dba2df0] = arffff;

==========================================================/



==========================================================\

Meow there! I am GraphManager [0x55a15dba2d60].
	this->x = 325;
	this->y = 75;
	this->width = 310;
	this->height = 250;
	this->label[0x55a15dba2e10] = 123;
	this->x_axis_text[0x55a15dba2e30] = 12345;
	this->y_axis_text[0x55a15dba2e50] = 123456;

==========================================================/

Hello there! I am Graph[0x7ffebbad7020] being constructed
Hello there! I am Graph[0x7ffebbad7020] constructed
Deleted button [0x55a15dba29d0] with id '0' and label 'Bubble sort'!
Deleted button [0x55a15dba2a08] with id '1' and label 'Insertion sort'!
Deleted button [0x55a15dba2a40] with id '2' and label 'Quick sort'!
Created button with id '0'!
Created button with id '1'!
Created button with id '2'!


==========================================================\

Meow there! I am GraphManager [0x556239b62d20].
	this->x = 5;
	this->y = 75;
	this->width = 310;
	this->height = 250;
	this->label[0x556239b62db0] = arf;
	this->x_axis_text[0x556239b62dd0] = arfff;
	this->y_axis_text[0x556239b62df0] = arffff;

==========================================================/



==========================================================\

Meow there! I am GraphManager [0x556239b62d60].
	this->x = 325;
	this->y = 75;
	this->width = 310;
	this->height = 250;
	this->label[0x556239b62e10] = 123;
	this->x_axis_text[0x556239b62e30] = 12345;
	this->y_axis_text[0x556239b62e50] = 123456;

==========================================================/

Hello there! I am Graph[0x7ffe98777360] being constructed
Hello there! I am Graph[0x7ffe98777360] constructed
button[2]->active = 1
Meow there! I'm '2' Button pressed!
button[2]->active = 1
Meow there! I'm '2' Button pressed!
Deleted button [0x556239b629d0] with id '0' and label 'Bubble sort'!
Deleted button [0x556239b62a08] with id '1' and label 'Insertion sort'!
Deleted button [0x556239b62a40] with id '2' and label 'Quick sort'!
Created button with id '0'!
Created button with id '1'!
Created button with id '2'!


==========================================================\

Meow there! I am GraphManager [0x561a9f1f8d20].
	this->x = 5;
	this->y = 75;
	this->width = 310;
	this->height = 250;
	this->label[0x561a9f1f8db0] = arf;
	this->x_axis_text[0x561a9f1f8dd0] = arfff;
	this->y_axis_text[0x561a9f1f8df0] = arffff;

==========================================================/



==========================================================\

Meow there! I am GraphManager [0x561a9f1f8d60].
	this->x = 325;
	this->y = 75;
	this->width = 310;
	this->height = 250;
	this->label[0x561a9f1f8e10] = 123;
	this->x_axis_text[0x561a9f1f8e30] = 12345;
	this->y_axis_text[0x561a9f1f8e50] = 123456;

==========================================================/

Hello there! I am Graph[0x7ffe6ad48560] being constructed
Hello there! I am Graph[0x7ffe6ad48560] constructed
Deleted button [0x561a9f1f89d0] with id '0' and label 'Bubble sort'!
Deleted button [0x561a9f1f8a08] with id '1' and label 'Insertion sort'!
Deleted button [0x561a9f1f8a40] with id '2' and label 'Quick sort'!
Created button with id '0'!
Created button with id '1'!
Created button with id '2'!


==========================================================\

Meow there! I am GraphManager [0x557152f6dd20].
	this->x = 5;
	this->y = 75;
	this->width = 310;
	this->height = 250;
	this->label[0x557152f6ddb0] = arf;
	this->x_axis_text[0x557152f6ddd0] = arfff;
	this->y_axis_text[0x557152f6ddf0] = arffff;

==========================================================/



==========================================================\

Meow there! I am GraphManager [0x557152f6dd60].
	this->x = 325;
	this->y = 75;
	this->width = 310;
	this->height = 250;
	this->label[0x557152f6de10] = 123;
	this->x_axis_text[0x557152f6de30] = 12345;
	this->y_axis_text[0x557152f6de50] = 123456;

==========================================================/

Hello there! I am Graph[0x7ffcf5ebd0f0] being constructed
Hello there! I am Graph[0x7ffcf5ebd0f0] constructed
Hello there! I am Graph[0x7ffcf5ebd0f0] being constructed
Hello there! I am Graph[0x7ffcf5ebd0f0] constructed
button[1]->active = 1
Meow there! I'm '1' Button pressed!
button[2]->active = 1
Meow there! I'm '2' Button pressed!
button[1]->active = 1
Meow there! I'm '1' Button pressed!
Deleted button [0x557152f6d9d0] with id '0' and label 'Bubble sort'!
Deleted button [0x557152f6da08] with id '1' and label 'Insertion sort'!
Deleted button [0x557152f6da40] with id '2' and label 'Quick sort'!
