Texture loaded successfully!
Texture loaded successfully!
Texture loaded successfully!
The mouse is pressed at 666, 24
Meow there from file <Application.hpp>, function <void ScrollableWindow::MoveView(float)>, line 221!
Meow there from file <Application.hpp>, function <void ScrollableWindow::MoveView(float)>, line 221!
Meow there from file <Application.hpp>, function <void ScrollableWindow::MoveView(float)>, line 221!
Meow there from file <Application.hpp>, function <void ScrollableWindow::MoveView(float)>, line 221!
Meow there from file <Application.hpp>, function <void ScrollableWindow::MoveView(float)>, line 221!
Meow there from file <Application.hpp>, function <void ScrollableWindow::MoveView(float)>, line 221!
Meow there from file <Application.hpp>, function <void ScrollableWindow::MoveView(float)>, line 221!
Meow there from file <Application.hpp>, function <void ScrollableWindow::MoveView(float)>, line 221!
Meow there from file <Application.hpp>, function <void ScrollableWindow::MoveView(float)>, line 221!
Meow there from file <Application.hpp>, function <void ScrollableWindow::MoveView(float)>, line 221!
Meow there from file <Application.hpp>, function <void ScrollableWindow::MoveView(float)>, line 221!
Meow there from file <Application.hpp>, function <void ScrollableWindow::MoveView(float)>, line 221!
Meow there from file <Application.hpp>, function <void ScrollableWindow::MoveView(float)>, line 221!
Meow there from file <Application.hpp>, function <void ScrollableWindow::MoveView(float)>, line 221!
Meow there from file <Application.hpp>, function <void ScrollableWindow::MoveView(float)>, line 221!
Meow there from file <Application.hpp>, function <void ScrollableWindow::MoveView(float)>, line 221!
Meow there from file <Application.hpp>, function <void ScrollableWindow::MoveView(float)>, line 221!
Meow there from file <Application.hpp>, function <void ScrollableWindow::MoveView(float)>, line 221!
Meow there from file <Application.hpp>, function <void ScrollableWindow::MoveView(float)>, line 221!
Meow there from file <Application.hpp>, function <void ScrollableWindow::MoveView(float)>, line 221!
Meow there from file <Application.hpp>, function <void ScrollableWindow::MoveView(float)>, line 221!
Meow there from file <Application.hpp>, function <void ScrollableWindow::MoveView(float)>, line 221!
Meow there from file <Application.hpp>, function <void ScrollableWindow::MoveView(float)>, line 221!
Meow there from file <Application.hpp>, function <void ScrollableWindow::MoveView(float)>, line 221!
Meow there from file <Application.hpp>, function <void ScrollableWindow::MoveView(float)>, line 221!
Meow there from file <Application.hpp>, function <void ScrollableWindow::MoveView(float)>, line 221!
Meow there from file <Application.hpp>, function <void ScrollableWindow::MoveView(float)>, line 221!
Meow there from file <Application.hpp>, function <void ScrollableWindow::MoveView(float)>, line 221!
Meow there from file <Application.hpp>, function <void ScrollableWindow::MoveView(float)>, line 221!
Meow there from file <Application.hpp>, function <void ScrollableWindow::MoveView(float)>, line 221!
Meow there from file <Application.hpp>, function <void ScrollableWindow::MoveView(float)>, line 221!
Meow there from file <Application.hpp>, function <void ScrollableWindow::MoveView(float)>, line 221!
Meow there from file <Application.hpp>, function <void ScrollableWindow::MoveView(float)>, line 221!
Meow there from file <Application.hpp>, function <void ScrollableWindow::MoveView(float)>, line 221!
Meow there from file <Application.hpp>, function <void ScrollableWindow::MoveView(float)>, line 221!
Meow there from file <Application.hpp>, function <void ScrollableWindow::MoveView(float)>, line 221!
Meow there from file <Application.hpp>, function <void ScrollableWindow::MoveView(float)>, line 221!
Meow there from file <Application.hpp>, function <void ScrollableWindow::MoveView(float)>, line 221!
Meow there from file <Application.hpp>, function <void ScrollableWindow::MoveView(float)>, line 221!
Meow there from file <Application.hpp>, function <void ScrollableWindow::MoveView(float)>, line 221!
Meow there from file <Application.hpp>, function <void ScrollableWindow::MoveView(float)>, line 221!
Meow there from file <Application.hpp>, function <void ScrollableWindow::MoveView(float)>, line 221!
Meow there from file <Application.hpp>, function <void ScrollableWindow::MoveView(float)>, line 221!
Meow there from file <Application.hpp>, function <void ScrollableWindow::MoveView(float)>, line 221!
Meow there from file <Application.hpp>, function <void ScrollableWindow::MoveView(float)>, line 221!
Meow there from file <Application.hpp>, function <void ScrollableWindow::MoveView(float)>, line 221!
Meow there from file <Application.hpp>, function <void ScrollableWindow::MoveView(float)>, line 221!
Meow there from file <Application.hpp>, function <void ScrollableWindow::MoveView(float)>, line 221!
Meow there from file <Application.hpp>, function <void ScrollableWindow::MoveView(float)>, line 221!
Meow there from file <Application.hpp>, function <void ScrollableWindow::MoveView(float)>, line 221!
Meow there from file <Application.hpp>, function <void ScrollableWindow::MoveView(float)>, line 221!
Meow there from file <Application.hpp>, function <void ScrollableWindow::MoveView(float)>, line 221!
Meow there from file <Application.hpp>, function <void ScrollableWindow::MoveView(float)>, line 221!
Meow there from file <Application.hpp>, function <void ScrollableWindow::MoveView(float)>, line 221!
Meow there from file <Application.hpp>, function <void ScrollableWindow::MoveView(float)>, line 221!
Meow there from file <Application.hpp>, function <void ScrollableWindow::MoveView(float)>, line 221!
Meow there from file <Application.hpp>, function <void ScrollableWindow::MoveView(float)>, line 221!
Meow there from file <Application.hpp>, function <void ScrollableWindow::MoveView(float)>, line 221!
Meow there from file <Application.hpp>, function <void ScrollableWindow::MoveView(float)>, line 221!
Meow there from file <Application.hpp>, function <void ScrollableWindow::MoveView(float)>, line 221!
Meow there from file <Application.hpp>, function <void ScrollableWindow::MoveView(float)>, line 221!
Meow there from file <Application.hpp>, function <void ScrollableWindow::MoveView(float)>, line 221!
Meow there from file <Application.hpp>, function <void ScrollableWindow::MoveView(float)>, line 221!
Meow there from file <Application.hpp>, function <void ScrollableWindow::MoveView(float)>, line 221!
Meow there from file <Application.hpp>, function <void ScrollableWindow::MoveView(float)>, line 221!
Meow there from file <Application.hpp>, function <void ScrollableWindow::MoveView(float)>, line 221!
Meow there from file <Application.hpp>, function <void ScrollableWindow::MoveView(float)>, line 221!
Meow there from file <Application.hpp>, function <void ScrollableWindow::MoveView(float)>, line 221!
Meow there from file <Application.hpp>, function <void ScrollableWindow::MoveView(float)>, line 221!
Meow there from file <Application.hpp>, function <void ScrollableWindow::MoveView(float)>, line 221!
Meow there from file <Application.hpp>, function <void ScrollableWindow::MoveView(float)>, line 221!
Meow there from file <Application.hpp>, function <void ScrollableWindow::MoveView(float)>, line 221!
Meow there from file <Application.hpp>, function <void ScrollableWindow::MoveView(float)>, line 221!
Meow there from file <Application.hpp>, function <void ScrollableWindow::MoveView(float)>, line 221!
Meow there from file <Application.hpp>, function <void ScrollableWindow::MoveView(float)>, line 221!
Meow there from file <Application.hpp>, function <void ScrollableWindow::MoveView(float)>, line 221!
Meow there from file <Application.hpp>, function <void ScrollableWindow::MoveView(float)>, line 221!
Meow there from file <Application.hpp>, function <void ScrollableWindow::MoveView(float)>, line 221!
Meow there from file <Application.hpp>, function <void ScrollableWindow::MoveView(float)>, line 221!
Meow there from file <Application.hpp>, function <void ScrollableWindow::MoveView(float)>, line 221!
Meow there from file <Application.hpp>, function <void ScrollableWindow::MoveView(float)>, line 221!
Meow there from file <Application.hpp>, function <void ScrollableWindow::MoveView(float)>, line 221!
Meow there from file <Application.hpp>, function <void ScrollableWindow::MoveView(float)>, line 221!
Meow there from file <Application.hpp>, function <void ScrollableWindow::MoveView(float)>, line 221!
Meow there from file <Application.hpp>, function <void ScrollableWindow::MoveView(float)>, line 221!
Meow there from file <Application.hpp>, function <void ScrollableWindow::MoveView(float)>, line 221!
Meow there from file <Application.hpp>, function <void ScrollableWindow::MoveView(float)>, line 221!
Meow there from file <Application.hpp>, function <void ScrollableWindow::MoveView(float)>, line 221!
Meow there from file <Application.hpp>, function <void ScrollableWindow::MoveView(float)>, line 221!
Meow there from file <Application.hpp>, function <void ScrollableWindow::MoveView(float)>, line 221!
Meow there from file <Application.hpp>, function <void ScrollableWindow::MoveView(float)>, line 221!
Meow there from file <Application.hpp>, function <void ScrollableWindow::MoveView(float)>, line 221!
Meow there from file <Application.hpp>, function <void ScrollableWindow::MoveView(float)>, line 221!
Meow there from file <Application.hpp>, function <void ScrollableWindow::MoveView(float)>, line 221!
Meow there from file <Application.hpp>, function <void ScrollableWindow::MoveView(float)>, line 221!
Meow there from file <Application.hpp>, function <void ScrollableWindow::MoveView(float)>, line 221!
Meow there from file <Application.hpp>, function <void ScrollableWindow::MoveView(float)>, line 221!
Meow there from file <Application.hpp>, function <void ScrollableWindow::MoveView(float)>, line 221!
Meow there from file <Application.hpp>, function <void ScrollableWindow::MoveView(float)>, line 221!
Meow there from file <Application.hpp>, function <void ScrollableWindow::MoveView(float)>, line 221!
Meow there from file <Application.hpp>, function <void ScrollableWindow::MoveView(float)>, line 221!
Meow there from file <Application.hpp>, function <void ScrollableWindow::MoveView(float)>, line 221!
Meow there from file <Application.hpp>, function <void ScrollableWindow::MoveView(float)>, line 221!
Meow there from file <Application.hpp>, function <void ScrollableWindow::MoveView(float)>, line 221!
Meow there from file <Application.hpp>, function <void ScrollableWindow::MoveView(float)>, line 221!
Meow there from file <Application.hpp>, function <void ScrollableWindow::MoveView(float)>, line 221!
Meow there from file <Application.hpp>, function <void ScrollableWindow::MoveView(float)>, line 221!
Meow there from file <Application.hpp>, function <void ScrollableWindow::MoveView(float)>, line 221!
Meow there from file <Application.hpp>, function <void ScrollableWindow::MoveView(float)>, line 221!
Meow there from file <Application.hpp>, function <void ScrollableWindow::MoveView(float)>, line 221!
Meow there from file <Application.hpp>, function <void ScrollableWindow::MoveView(float)>, line 221!
Meow there from file <Application.hpp>, function <void ScrollableWindow::MoveView(float)>, line 221!
Meow there from file <Application.hpp>, function <void ScrollableWindow::MoveView(float)>, line 221!
Meow there from file <Application.hpp>, function <void ScrollableWindow::MoveView(float)>, line 221!
Meow there from file <Application.hpp>, function <void ScrollableWindow::MoveView(float)>, line 221!
Meow there from file <Application.hpp>, function <void ScrollableWindow::MoveView(float)>, line 221!
Meow there from file <Application.hpp>, function <void ScrollableWindow::MoveView(float)>, line 221!
Meow there from file <Application.hpp>, function <void ScrollableWindow::MoveView(float)>, line 221!
Meow there from file <Application.hpp>, function <void ScrollableWindow::MoveView(float)>, line 221!
Meow there from file <Application.hpp>, function <void ScrollableWindow::MoveView(float)>, line 221!
Meow there from file <Application.hpp>, function <void ScrollableWindow::MoveView(float)>, line 221!
Meow there from file <Application.hpp>, function <void ScrollableWindow::MoveView(float)>, line 221!
Meow there from file <Application.hpp>, function <void ScrollableWindow::MoveView(float)>, line 221!
Meow there from file <Application.hpp>, function <void ScrollableWindow::MoveView(float)>, line 221!
Meow there from file <Application.hpp>, function <void ScrollableWindow::MoveView(float)>, line 221!
Meow there from file <Application.hpp>, function <void ScrollableWindow::MoveView(float)>, line 221!
Meow there from file <Application.hpp>, function <void ScrollableWindow::MoveView(float)>, line 221!
Meow there from file <Application.hpp>, function <void ScrollableWindow::MoveView(float)>, line 221!
Meow there from file <Application.hpp>, function <void ScrollableWindow::MoveView(float)>, line 221!
Meow there from file <Application.hpp>, function <void ScrollableWindow::MoveView(float)>, line 221!
Meow there from file <Application.hpp>, function <void ScrollableWindow::MoveView(float)>, line 221!
Meow there from file <Application.hpp>, function <void ScrollableWindow::MoveView(float)>, line 221!
Meow there from file <Application.hpp>, function <void ScrollableWindow::MoveView(float)>, line 221!
Meow there from file <Application.hpp>, function <void ScrollableWindow::MoveView(float)>, line 221!
Meow there from file <Application.hpp>, function <void ScrollableWindow::MoveView(float)>, line 221!
Meow there from file <Application.hpp>, function <void ScrollableWindow::MoveView(float)>, line 221!
Meow there from file <Application.hpp>, function <void ScrollableWindow::MoveView(float)>, line 221!
Meow there from file <Application.hpp>, function <void ScrollableWindow::MoveView(float)>, line 221!
Meow there from file <Application.hpp>, function <void ScrollableWindow::MoveView(float)>, line 221!
Meow there from file <Application.hpp>, function <void ScrollableWindow::MoveView(float)>, line 221!
Meow there from file <Application.hpp>, function <void ScrollableWindow::MoveView(float)>, line 221!
Meow there from file <Application.hpp>, function <void ScrollableWindow::MoveView(float)>, line 221!
Meow there from file <Application.hpp>, function <void ScrollableWindow::MoveView(float)>, line 221!
Meow there from file <Application.hpp>, function <void ScrollableWindow::MoveView(float)>, line 221!
Meow there from file <Application.hpp>, function <void ScrollableWindow::MoveView(float)>, line 221!
Meow there from file <Application.hpp>, function <void ScrollableWindow::MoveView(float)>, line 221!
Meow there from file <Application.hpp>, function <void ScrollableWindow::MoveView(float)>, line 221!
Meow there from file <Application.hpp>, function <void ScrollableWindow::MoveView(float)>, line 221!
Meow there from file <Application.hpp>, function <void ScrollableWindow::MoveView(float)>, line 221!
Meow there from file <Application.hpp>, function <void ScrollableWindow::MoveView(float)>, line 221!
Meow there from file <Application.hpp>, function <void ScrollableWindow::MoveView(float)>, line 221!
Meow there from file <Application.hpp>, function <void ScrollableWindow::MoveView(float)>, line 221!
Meow there from file <Application.hpp>, function <void ScrollableWindow::MoveView(float)>, line 221!
Meow there from file <Application.hpp>, function <void ScrollableWindow::MoveView(float)>, line 221!
Meow there from file <Application.hpp>, function <void ScrollableWindow::MoveView(float)>, line 221!
Meow there from file <Application.hpp>, function <void ScrollableWindow::MoveView(float)>, line 221!
Meow there from file <Application.hpp>, function <void ScrollableWindow::MoveView(float)>, line 221!
Meow there from file <Application.hpp>, function <void ScrollableWindow::MoveView(float)>, line 221!
Meow there from file <Application.hpp>, function <void ScrollableWindow::MoveView(float)>, line 221!
Meow there from file <Application.hpp>, function <void ScrollableWindow::MoveView(float)>, line 221!
Meow there from file <Application.hpp>, function <void ScrollableWindow::MoveView(float)>, line 221!
Meow there from file <Application.hpp>, function <void ScrollableWindow::MoveView(float)>, line 221!
Meow there from file <Application.hpp>, function <void ScrollableWindow::MoveView(float)>, line 221!
Meow there from file <Application.hpp>, function <void ScrollableWindow::MoveView(float)>, line 221!
Meow there from file <Application.hpp>, function <void ScrollableWindow::MoveView(float)>, line 221!
Meow there from file <Application.hpp>, function <void ScrollableWindow::MoveView(float)>, line 221!
Meow there from file <Application.hpp>, function <void ScrollableWindow::MoveView(float)>, line 221!
Meow there from file <Application.hpp>, function <void ScrollableWindow::MoveView(float)>, line 221!
Meow there from file <Application.hpp>, function <void ScrollableWindow::MoveView(float)>, line 221!
Meow there from file <Application.hpp>, function <void ScrollableWindow::MoveView(float)>, line 221!
Meow there from file <Application.hpp>, function <void ScrollableWindow::MoveView(float)>, line 221!
Meow there from file <Application.hpp>, function <void ScrollableWindow::MoveView(float)>, line 221!
Meow there from file <Application.hpp>, function <void ScrollableWindow::MoveView(float)>, line 221!
Meow there from file <Application.hpp>, function <void ScrollableWindow::MoveView(float)>, line 221!
Meow there from file <Application.hpp>, function <void ScrollableWindow::MoveView(float)>, line 221!
Meow there from file <Application.hpp>, function <void ScrollableWindow::MoveView(float)>, line 221!
Meow there from file <Application.hpp>, function <void ScrollableWindow::MoveView(float)>, line 221!
Meow there from file <Application.hpp>, function <void ScrollableWindow::MoveView(float)>, line 221!
Meow there from file <Application.hpp>, function <void ScrollableWindow::MoveView(float)>, line 221!
Meow there from file <Application.hpp>, function <void ScrollableWindow::MoveView(float)>, line 221!
Meow there from file <Application.hpp>, function <void ScrollableWindow::MoveView(float)>, line 221!
Meow there from file <Application.hpp>, function <void ScrollableWindow::MoveView(float)>, line 221!
Meow there from file <Application.hpp>, function <void ScrollableWindow::MoveView(float)>, line 221!
Meow there from file <Application.hpp>, function <void ScrollableWindow::MoveView(float)>, line 221!
Meow there from file <Application.hpp>, function <void ScrollableWindow::MoveView(float)>, line 221!
Meow there from file <Application.hpp>, function <void ScrollableWindow::MoveView(float)>, line 221!
Meow there from file <Application.hpp>, function <void ScrollableWindow::MoveView(float)>, line 221!
Meow there from file <Application.hpp>, function <void ScrollableWindow::MoveView(float)>, line 221!
Meow there from file <Application.hpp>, function <void ScrollableWindow::MoveView(float)>, line 221!
Meow there from file <Application.hpp>, function <void ScrollableWindow::MoveView(float)>, line 221!
Meow there from file <Application.hpp>, function <void ScrollableWindow::MoveView(float)>, line 221!
Meow there from file <Application.hpp>, function <void ScrollableWindow::MoveView(float)>, line 221!
Meow there from file <Application.hpp>, function <void ScrollableWindow::MoveView(float)>, line 221!
Meow there from file <Application.hpp>, function <void ScrollableWindow::MoveView(float)>, line 221!
Meow there from file <Application.hpp>, function <void ScrollableWindow::MoveView(float)>, line 221!
Meow there from file <Application.hpp>, function <void ScrollableWindow::MoveView(float)>, line 221!
Meow there from file <Application.hpp>, function <void ScrollableWindow::MoveView(float)>, line 221!
Meow there from file <Application.hpp>, function <void ScrollableWindow::MoveView(float)>, line 221!
Meow there from file <Application.hpp>, function <void ScrollableWindow::MoveView(float)>, line 221!
Meow there from file <Application.hpp>, function <void ScrollableWindow::MoveView(float)>, line 221!
Meow there from file <Application.hpp>, function <void ScrollableWindow::MoveView(float)>, line 221!
Meow there from file <Application.hpp>, function <void ScrollableWindow::MoveView(float)>, line 221!
Meow there from file <Application.hpp>, function <void ScrollableWindow::MoveView(float)>, line 221!
Meow there from file <Application.hpp>, function <void ScrollableWindow::MoveView(float)>, line 221!
Meow there from file <Application.hpp>, function <void ScrollableWindow::MoveView(float)>, line 221!
Meow there from file <Application.hpp>, function <void ScrollableWindow::MoveView(float)>, line 221!
Meow there from file <Application.hpp>, function <void ScrollableWindow::MoveView(float)>, line 221!
Meow there from file <Application.hpp>, function <void ScrollableWindow::MoveView(float)>, line 221!
Meow there from file <Application.hpp>, function <void ScrollableWindow::MoveView(float)>, line 221!
Meow there from file <Application.hpp>, function <void ScrollableWindow::MoveView(float)>, line 221!
Meow there from file <Application.hpp>, function <void ScrollableWindow::MoveView(float)>, line 221!
Meow there from file <Application.hpp>, function <void ScrollableWindow::MoveView(float)>, line 221!
Meow there from file <Application.hpp>, function <void ScrollableWindow::MoveView(float)>, line 221!
Meow there from file <Application.hpp>, function <void ScrollableWindow::MoveView(float)>, line 221!
Meow there from file <Application.hpp>, function <void ScrollableWindow::MoveView(float)>, line 221!
Meow there from file <Application.hpp>, function <void ScrollableWindow::MoveView(float)>, line 221!
Meow there from file <Application.hpp>, function <void ScrollableWindow::MoveView(float)>, line 221!
Meow there from file <Application.hpp>, function <void ScrollableWindow::MoveView(float)>, line 221!
Meow there from file <Application.hpp>, function <void ScrollableWindow::MoveView(float)>, line 221!
Meow there from file <Application.hpp>, function <void ScrollableWindow::MoveView(float)>, line 221!
Meow there from file <Application.hpp>, function <void ScrollableWindow::MoveView(float)>, line 221!
Meow there from file <Application.hpp>, function <void ScrollableWindow::MoveView(float)>, line 221!
Meow there from file <Application.hpp>, function <void ScrollableWindow::MoveView(float)>, line 221!
Meow there from file <Application.hpp>, function <void ScrollableWindow::MoveView(float)>, line 221!
Meow there from file <Application.hpp>, function <void ScrollableWindow::MoveView(float)>, line 221!
Meow there from file <Application.hpp>, function <void ScrollableWindow::MoveView(float)>, line 221!
Meow there from file <Application.hpp>, function <void ScrollableWindow::MoveView(float)>, line 221!
Meow there from file <Application.hpp>, function <void ScrollableWindow::MoveView(float)>, line 221!
Meow there from file <Application.hpp>, function <void ScrollableWindow::MoveView(float)>, line 221!
Meow there from file <Application.hpp>, function <void ScrollableWindow::MoveView(float)>, line 221!
Meow there from file <Application.hpp>, function <void ScrollableWindow::MoveView(float)>, line 221!
Meow there from file <Application.hpp>, function <void ScrollableWindow::MoveView(float)>, line 221!
Meow there from file <Application.hpp>, function <void ScrollableWindow::MoveView(float)>, line 221!
Meow there from file <Application.hpp>, function <void ScrollableWindow::MoveView(float)>, line 221!
Meow there from file <Application.hpp>, function <void ScrollableWindow::MoveView(float)>, line 221!
Meow there from file <Application.hpp>, function <void ScrollableWindow::MoveView(float)>, line 221!
Meow there from file <Application.hpp>, function <void ScrollableWindow::MoveView(float)>, line 221!
Meow there from file <Application.hpp>, function <void ScrollableWindow::MoveView(float)>, line 221!
Meow there from file <Application.hpp>, function <void ScrollableWindow::MoveView(float)>, line 221!
Meow there from file <Application.hpp>, function <void ScrollableWindow::MoveView(float)>, line 221!
Meow there from file <Application.hpp>, function <void ScrollableWindow::MoveView(float)>, line 221!
Meow there from file <Application.hpp>, function <void ScrollableWindow::MoveView(float)>, line 221!
Meow there from file <Application.hpp>, function <void ScrollableWindow::MoveView(float)>, line 221!
Meow there from file <Application.hpp>, function <void ScrollableWindow::MoveView(float)>, line 221!
Meow there from file <Application.hpp>, function <void ScrollableWindow::MoveView(float)>, line 221!
Meow there from file <Application.hpp>, function <void ScrollableWindow::MoveView(float)>, line 221!
Meow there from file <Application.hpp>, function <void ScrollableWindow::MoveView(float)>, line 221!
Meow there from file <Application.hpp>, function <void ScrollableWindow::MoveView(float)>, line 221!
Meow there from file <Application.hpp>, function <void ScrollableWindow::MoveView(float)>, line 221!
Meow there from file <Application.hpp>, function <void ScrollableWindow::MoveView(float)>, line 221!
Meow there from file <Application.hpp>, function <void ScrollableWindow::MoveView(float)>, line 221!
Meow there from file <Application.hpp>, function <void ScrollableWindow::MoveView(float)>, line 221!
Meow there from file <Application.hpp>, function <void ScrollableWindow::MoveView(float)>, line 221!
Meow there from file <Application.hpp>, function <void ScrollableWindow::MoveView(float)>, line 221!
Meow there from file <Application.hpp>, function <void ScrollableWindow::MoveView(float)>, line 221!
Meow there from file <Application.hpp>, function <void ScrollableWindow::MoveView(float)>, line 221!
Meow there from file <Application.hpp>, function <void ScrollableWindow::MoveView(float)>, line 221!
Meow there from file <Application.hpp>, function <void ScrollableWindow::MoveView(float)>, line 221!
Meow there from file <Application.hpp>, function <void ScrollableWindow::MoveView(float)>, line 221!
Meow there from file <Application.hpp>, function <void ScrollableWindow::MoveView(float)>, line 221!
Meow there from file <Application.hpp>, function <void ScrollableWindow::MoveView(float)>, line 221!
Meow there from file <Application.hpp>, function <void ScrollableWindow::MoveView(float)>, line 221!
Meow there from file <Application.hpp>, function <void ScrollableWindow::MoveView(float)>, line 221!
Meow there from file <Application.hpp>, function <void ScrollableWindow::MoveView(float)>, line 221!
Meow there from file <Application.hpp>, function <void ScrollableWindow::MoveView(float)>, line 221!
Meow there from file <Application.hpp>, function <void ScrollableWindow::MoveView(float)>, line 221!
Meow there from file <Application.hpp>, function <void ScrollableWindow::MoveView(float)>, line 221!
Meow there from file <Application.hpp>, function <void ScrollableWindow::MoveView(float)>, line 221!
Meow there from file <Application.hpp>, function <void ScrollableWindow::MoveView(float)>, line 221!
Meow there from file <Application.hpp>, function <void ScrollableWindow::MoveView(float)>, line 221!
Meow there from file <Application.hpp>, function <void ScrollableWindow::MoveView(float)>, line 221!
Meow there from file <Application.hpp>, function <void ScrollableWindow::MoveView(float)>, line 221!
Meow there from file <Application.hpp>, function <void ScrollableWindow::MoveView(float)>, line 221!
Meow there from file <Application.hpp>, function <void ScrollableWindow::MoveView(float)>, line 221!
Meow there from file <Application.hpp>, function <void ScrollableWindow::MoveView(float)>, line 221!
Meow there from file <Application.hpp>, function <void ScrollableWindow::MoveView(float)>, line 221!
Meow there from file <Application.hpp>, function <void ScrollableWindow::MoveView(float)>, line 221!
Meow there from file <Application.hpp>, function <void ScrollableWindow::MoveView(float)>, line 221!
Meow there from file <Application.hpp>, function <void ScrollableWindow::MoveView(float)>, line 221!
Meow there from file <Application.hpp>, function <void ScrollableWindow::MoveView(float)>, line 221!
Meow there from file <Application.hpp>, function <void ScrollableWindow::MoveView(float)>, line 221!
Meow there from file <Application.hpp>, function <void ScrollableWindow::MoveView(float)>, line 221!
Meow there from file <Application.hpp>, function <void ScrollableWindow::MoveView(float)>, line 221!
Meow there from file <Application.hpp>, function <void ScrollableWindow::MoveView(float)>, line 221!
Meow there from file <Application.hpp>, function <void ScrollableWindow::MoveView(float)>, line 221!
Meow there from file <Application.hpp>, function <void ScrollableWindow::MoveView(float)>, line 221!
Meow there from file <Application.hpp>, function <void ScrollableWindow::MoveView(float)>, line 221!
Meow there from file <Application.hpp>, function <void ScrollableWindow::MoveView(float)>, line 221!
Meow there from file <Application.hpp>, function <void ScrollableWindow::MoveView(float)>, line 221!
Meow there from file <Application.hpp>, function <void ScrollableWindow::MoveView(float)>, line 221!
Meow there from file <Application.hpp>, function <void ScrollableWindow::MoveView(float)>, line 221!
Meow there from file <Application.hpp>, function <void ScrollableWindow::MoveView(float)>, line 221!
Meow there from file <Application.hpp>, function <void ScrollableWindow::MoveView(float)>, line 221!
Meow there from file <Application.hpp>, function <void ScrollableWindow::MoveView(float)>, line 221!
Meow there from file <Application.hpp>, function <void ScrollableWindow::MoveView(float)>, line 221!
Meow there from file <Application.hpp>, function <void ScrollableWindow::MoveView(float)>, line 221!
Meow there from file <Application.hpp>, function <void ScrollableWindow::MoveView(float)>, line 221!
Meow there from file <Application.hpp>, function <void ScrollableWindow::MoveView(float)>, line 221!
Meow there from file <Application.hpp>, function <void ScrollableWindow::MoveView(float)>, line 221!
Meow there from file <Application.hpp>, function <void ScrollableWindow::MoveView(float)>, line 221!
Meow there from file <Application.hpp>, function <void ScrollableWindow::MoveView(float)>, line 221!
Meow there from file <Application.hpp>, function <void ScrollableWindow::MoveView(float)>, line 221!
Meow there from file <Application.hpp>, function <void ScrollableWindow::MoveView(float)>, line 221!
Meow there from file <Application.hpp>, function <void ScrollableWindow::MoveView(float)>, line 221!
Meow there from file <Application.hpp>, function <void ScrollableWindow::MoveView(float)>, line 221!
Meow there from file <Application.hpp>, function <void ScrollableWindow::MoveView(float)>, line 221!
Meow there from file <Application.hpp>, function <void ScrollableWindow::MoveView(float)>, line 221!
Meow there from file <Application.hpp>, function <void ScrollableWindow::MoveView(float)>, line 221!
Meow there from file <Application.hpp>, function <void ScrollableWindow::MoveView(float)>, line 221!
Meow there from file <Application.hpp>, function <void ScrollableWindow::MoveView(float)>, line 221!
Meow there from file <Application.hpp>, function <void ScrollableWindow::MoveView(float)>, line 221!
Meow there from file <Application.hpp>, function <void ScrollableWindow::MoveView(float)>, line 221!
Meow there from file <Application.hpp>, function <void ScrollableWindow::MoveView(float)>, line 221!
Meow there from file <Application.hpp>, function <void ScrollableWindow::MoveView(float)>, line 221!
The mouse is released at 680, 317
The mouse is pressed at 680, 301
Meow there from file <Application.hpp>, function <void ScrollableWindow::MoveView(float)>, line 221!
Meow there from file <Application.hpp>, function <void ScrollableWindow::MoveView(float)>, line 221!
Meow there from file <Application.hpp>, function <void ScrollableWindow::MoveView(float)>, line 221!
Meow there from file <Application.hpp>, function <void ScrollableWindow::MoveView(float)>, line 221!
Meow there from file <Application.hpp>, function <void ScrollableWindow::MoveView(float)>, line 221!
Meow there from file <Application.hpp>, function <void ScrollableWindow::MoveView(float)>, line 221!
Meow there from file <Application.hpp>, function <void ScrollableWindow::MoveView(float)>, line 221!
Meow there from file <Application.hpp>, function <void ScrollableWindow::MoveView(float)>, line 221!
Meow there from file <Application.hpp>, function <void ScrollableWindow::MoveView(float)>, line 221!
Meow there from file <Application.hpp>, function <void ScrollableWindow::MoveView(float)>, line 221!
Meow there from file <Application.hpp>, function <void ScrollableWindow::MoveView(float)>, line 221!
Meow there from file <Application.hpp>, function <void ScrollableWindow::MoveView(float)>, line 221!
Meow there from file <Application.hpp>, function <void ScrollableWindow::MoveView(float)>, line 221!
Meow there from file <Application.hpp>, function <void ScrollableWindow::MoveView(float)>, line 221!
Meow there from file <Application.hpp>, function <void ScrollableWindow::MoveView(float)>, line 221!
Meow there from file <Application.hpp>, function <void ScrollableWindow::MoveView(float)>, line 221!
Meow there from file <Application.hpp>, function <void ScrollableWindow::MoveView(float)>, line 221!
Meow there from file <Application.hpp>, function <void ScrollableWindow::MoveView(float)>, line 221!
The mouse is released at 677, 315
bye bye!
Suddenly I'm dead x(. My width was 686
