
===========================================================================================\
Meow there from file <Manager.hpp>, function <Window::Window()>, line 19!
===========================================================================================/


===========================================================================================\
Meow there from file <Manager.hpp>, function <ContainterWindow::ContainterWindow()>, line 34!
===========================================================================================/


===========================================================================================\
Meow there from file <Manager.hpp>, function <Window::Window()>, line 19!
===========================================================================================/


===========================================================================================\
Meow there from file <Manager.hpp>, function <DrawableWindow::DrawableWindow()>, line 52!
===========================================================================================/


===========================================================================================\
Meow there from file <test.cpp>, function <BigBoss::BigBoss(int, int, int, int)>, line 52!
===========================================================================================/


===========================================================================================\
Meow there from file <Manager.hpp>, function <Window::Window()>, line 19!
===========================================================================================/


===========================================================================================\
Meow there from file <Manager.hpp>, function <DrawableWindow::DrawableWindow()>, line 52!
===========================================================================================/


===========================================================================================\
Meow there from file <Manager.hpp>, function <Window::Window()>, line 19!
===========================================================================================/


===========================================================================================\
drawable_windows.size = 1
===========================================================================================/


===========================================================================================\
Rectangle::Draw, x = 0, y = 0, width = 640, height = 480
===========================================================================================/


===========================================================================================\
kek
===========================================================================================/


===========================================================================================\
Rectangle::Draw, x = 10, y = 10, width = 620, height = 460
===========================================================================================/


===========================================================================================\
drawable_windows.size = 1
===========================================================================================/


===========================================================================================\
Rectangle::Draw, x = 0, y = 0, width = 640, height = 480
===========================================================================================/


===========================================================================================\
kek
===========================================================================================/


===========================================================================================\
Rectangle::Draw, x = 10, y = 10, width = 620, height = 460
===========================================================================================/


===========================================================================================\
Meow there from file <Manager.hpp>, function <Window::Window()>, line 19!
===========================================================================================/


===========================================================================================\
Meow there from file <Manager.hpp>, function <ContainterWindow::ContainterWindow()>, line 34!
===========================================================================================/


===========================================================================================\
Meow there from file <Manager.hpp>, function <Window::Window()>, line 19!
===========================================================================================/


===========================================================================================\
Meow there from file <Manager.hpp>, function <DrawableWindow::DrawableWindow()>, line 52!
===========================================================================================/


===========================================================================================\
Meow there from file <test.cpp>, function <BigBoss::BigBoss(int, int, int, int)>, line 51!
===========================================================================================/


===========================================================================================\
Meow there from file <Manager.hpp>, function <Window::Window()>, line 19!
===========================================================================================/


===========================================================================================\
Meow there from file <Manager.hpp>, function <DrawableWindow::DrawableWindow()>, line 52!
===========================================================================================/


===========================================================================================\
Meow there from file <Manager.hpp>, function <Window::Window()>, line 19!
===========================================================================================/


===========================================================================================\
kek
===========================================================================================/


===========================================================================================\
kek
===========================================================================================/


===========================================================================================\
kek
===========================================================================================/


===========================================================================================\
kek
===========================================================================================/


===========================================================================================\
kek
===========================================================================================/


===========================================================================================\
kek
===========================================================================================/


===========================================================================================\
kek
===========================================================================================/


===========================================================================================\
kek
===========================================================================================/


===========================================================================================\
Meow there from file <Manager.hpp>, function <Window::Window()>, line 19!
===========================================================================================/


===========================================================================================\
Meow there from file <Manager.hpp>, function <ContainterWindow::ContainterWindow()>, line 34!
===========================================================================================/


===========================================================================================\
Meow there from file <Manager.hpp>, function <Window::Window()>, line 19!
===========================================================================================/


===========================================================================================\
Meow there from file <Manager.hpp>, function <DrawableWindow::DrawableWindow()>, line 52!
===========================================================================================/


===========================================================================================\
Meow there from file <test.cpp>, function <BigBoss::BigBoss(int, int, int, int)>, line 51!
===========================================================================================/


===========================================================================================\
Meow there from file <Manager.hpp>, function <Window::Window()>, line 19!
===========================================================================================/


===========================================================================================\
Meow there from file <Manager.hpp>, function <DrawableWindow::DrawableWindow()>, line 52!
===========================================================================================/


===========================================================================================\
Meow there from file <Manager.hpp>, function <Window::Window()>, line 19!
===========================================================================================/


===========================================================================================\
kek
===========================================================================================/


===========================================================================================\
kek
===========================================================================================/


===========================================================================================\
Meow there from file <Manager.hpp>, function <Window::Window()>, line 19!
===========================================================================================/


===========================================================================================\
Meow there from file <Manager.hpp>, function <ContainterWindow::ContainterWindow()>, line 34!
===========================================================================================/


===========================================================================================\
Meow there from file <Manager.hpp>, function <Window::Window()>, line 19!
===========================================================================================/


===========================================================================================\
Meow there from file <Manager.hpp>, function <DrawableWindow::DrawableWindow()>, line 52!
===========================================================================================/


===========================================================================================\
Meow there from file <test.cpp>, function <BigBoss::BigBoss(int, int, int, int)>, line 51!
===========================================================================================/


===========================================================================================\
Meow there from file <Manager.hpp>, function <Window::Window()>, line 19!
===========================================================================================/


===========================================================================================\
Meow there from file <Manager.hpp>, function <DrawableWindow::DrawableWindow()>, line 52!
===========================================================================================/


===========================================================================================\
Meow there from file <Manager.hpp>, function <Window::Window()>, line 19!
===========================================================================================/


===========================================================================================\
kek
===========================================================================================/


===========================================================================================\
kek
===========================================================================================/

